Started GET "/" for 37.228.245.96 at 2018-04-09 01:51:42 +0000
Cannot render console from 37.228.245.96! Allowed networks: 127.0.0.1, ::1, 127.0.0.0/127.255.255.255
  [1m[35m (0.1ms)[0m  [1m[34mSELECT "schema_migrations"."version" FROM "schema_migrations" ORDER BY "schema_migrations"."version" ASC[0m
  
ActiveRecord::PendingMigrationError (

Migrations are pending. To resolve this issue, run:

        bin/rails db:migrate RAILS_ENV=development

):
  
activerecord (5.1.5) lib/active_record/migration.rb:576:in `check_pending!'
activerecord (5.1.5) lib/active_record/migration.rb:553:in `call'
actionpack (5.1.5) lib/action_dispatch/middleware/callbacks.rb:26:in `block in call'
activesupport (5.1.5) lib/active_support/callbacks.rb:97:in `run_callbacks'
actionpack (5.1.5) lib/action_dispatch/middleware/callbacks.rb:24:in `call'
actionpack (5.1.5) lib/action_dispatch/middleware/executor.rb:12:in `call'
actionpack (5.1.5) lib/action_dispatch/middleware/debug_exceptions.rb:59:in `call'
web-console (3.5.1) lib/web_console/middleware.rb:135:in `call_app'
web-console (3.5.1) lib/web_console/middleware.rb:20:in `block in call'
web-console (3.5.1) lib/web_console/middleware.rb:18:in `catch'
web-console (3.5.1) lib/web_console/middleware.rb:18:in `call'
actionpack (5.1.5) lib/action_dispatch/middleware/show_exceptions.rb:31:in `call'
railties (5.1.5) lib/rails/rack/logger.rb:36:in `call_app'
railties (5.1.5) lib/rails/rack/logger.rb:24:in `block in call'
activesupport (5.1.5) lib/active_support/tagged_logging.rb:69:in `block in tagged'
activesupport (5.1.5) lib/active_support/tagged_logging.rb:26:in `tagged'
activesupport (5.1.5) lib/active_support/tagged_logging.rb:69:in `tagged'
railties (5.1.5) lib/rails/rack/logger.rb:24:in `call'
sprockets-rails (3.2.1) lib/sprockets/rails/quiet_assets.rb:13:in `call'
actionpack (5.1.5) lib/action_dispatch/middleware/remote_ip.rb:79:in `call'
actionpack (5.1.5) lib/action_dispatch/middleware/request_id.rb:25:in `call'
rack (2.0.4) lib/rack/method_override.rb:22:in `call'
rack (2.0.4) lib/rack/runtime.rb:22:in `call'
activesupport (5.1.5) lib/active_support/cache/strategy/local_cache_middleware.rb:27:in `call'
actionpack (5.1.5) lib/action_dispatch/middleware/executor.rb:12:in `call'
actionpack (5.1.5) lib/action_dispatch/middleware/static.rb:125:in `call'
rack (2.0.4) lib/rack/sendfile.rb:111:in `call'
railties (5.1.5) lib/rails/engine.rb:522:in `call'
puma (3.11.3) lib/puma/configuration.rb:225:in `call'
puma (3.11.3) lib/puma/server.rb:624:in `handle_request'
puma (3.11.3) lib/puma/server.rb:438:in `process_client'
puma (3.11.3) lib/puma/server.rb:302:in `block in run'
puma (3.11.3) lib/puma/thread_pool.rb:120:in `block in spawn_thread'
Started GET "/" for 37.228.245.96 at 2018-04-09 01:56:51 +0000
Cannot render console from 37.228.245.96! Allowed networks: 127.0.0.1, ::1, 127.0.0.0/127.255.255.255
  [1m[35m (0.1ms)[0m  [1m[34mSELECT "schema_migrations"."version" FROM "schema_migrations" ORDER BY "schema_migrations"."version" ASC[0m
Processing by StaticPagesController#home as HTML
  Rendering static_pages/home.html.erb within layouts/application
  Rendered static_pages/home.html.erb within layouts/application (0.3ms)
Completed 200 OK in 2988ms (Views: 2981.2ms | ActiveRecord: 0.0ms)


Started GET "/products" for 37.228.245.96 at 2018-04-09 01:56:59 +0000
Cannot render console from 37.228.245.96! Allowed networks: 127.0.0.1, ::1, 127.0.0.0/127.255.255.255
Processing by ProductsController#index as HTML
  Rendering products/index.html.erb within layouts/application
  [1m[36mProduct Load (0.4ms)[0m  [1m[34mSELECT "products".* FROM "products"[0m
  [1m[36mCategory Load (0.1ms)[0m  [1m[34mSELECT  "categories".* FROM "categories" WHERE "categories"."id" = ? LIMIT ?[0m  [["id", 1], ["LIMIT", 1]]
  [1m[36mCACHE Category Load (0.0ms)[0m  [1m[34mSELECT  "categories".* FROM "categories" WHERE "categories"."id" = ? LIMIT ?[0m  [["id", 1], ["LIMIT", 1]]
  [1m[36mCACHE Category Load (0.0ms)[0m  [1m[34mSELECT  "categories".* FROM "categories" WHERE "categories"."id" = ? LIMIT ?[0m  [["id", 1], ["LIMIT", 1]]
  [1m[36mCACHE Category Load (0.0ms)[0m  [1m[34mSELECT  "categories".* FROM "categories" WHERE "categories"."id" = ? LIMIT ?[0m  [["id", 1], ["LIMIT", 1]]
  [1m[36mCACHE Category Load (0.0ms)[0m  [1m[34mSELECT  "categories".* FROM "categories" WHERE "categories"."id" = ? LIMIT ?[0m  [["id", 1], ["LIMIT", 1]]
  [1m[36mCACHE Category Load (0.0ms)[0m  [1m[34mSELECT  "categories".* FROM "categories" WHERE "categories"."id" = ? LIMIT ?[0m  [["id", 1], ["LIMIT", 1]]
  [1m[36mCACHE Category Load (0.0ms)[0m  [1m[34mSELECT  "categories".* FROM "categories" WHERE "categories"."id" = ? LIMIT ?[0m  [["id", 1], ["LIMIT", 1]]
  [1m[36mCategory Load (0.1ms)[0m  [1m[34mSELECT  "categories".* FROM "categories" WHERE "categories"."id" = ? LIMIT ?[0m  [["id", 2], ["LIMIT", 1]]
  [1m[36mCACHE Category Load (0.0ms)[0m  [1m[34mSELECT  "categories".* FROM "categories" WHERE "categories"."id" = ? LIMIT ?[0m  [["id", 2], ["LIMIT", 1]]
  [1m[36mCACHE Category Load (0.0ms)[0m  [1m[34mSELECT  "categories".* FROM "categories" WHERE "categories"."id" = ? LIMIT ?[0m  [["id", 2], ["LIMIT", 1]]
  [1m[36mCACHE Category Load (0.0ms)[0m  [1m[34mSELECT  "categories".* FROM "categories" WHERE "categories"."id" = ? LIMIT ?[0m  [["id", 2], ["LIMIT", 1]]
  [1m[36mCACHE Category Load (0.0ms)[0m  [1m[34mSELECT  "categories".* FROM "categories" WHERE "categories"."id" = ? LIMIT ?[0m  [["id", 2], ["LIMIT", 1]]
  [1m[36mCategory Load (0.1ms)[0m  [1m[34mSELECT  "categories".* FROM "categories" WHERE "categories"."id" = ? LIMIT ?[0m  [["id", 3], ["LIMIT", 1]]
  [1m[36mCACHE Category Load (0.0ms)[0m  [1m[34mSELECT  "categories".* FROM "categories" WHERE "categories"."id" = ? LIMIT ?[0m  [["id", 3], ["LIMIT", 1]]
  [1m[36mCACHE Category Load (0.0ms)[0m  [1m[34mSELECT  "categories".* FROM "categories" WHERE "categories"."id" = ? LIMIT ?[0m  [["id", 3], ["LIMIT", 1]]
  [1m[36mCACHE Category Load (0.0ms)[0m  [1m[34mSELECT  "categories".* FROM "categories" WHERE "categories"."id" = ? LIMIT ?[0m  [["id", 3], ["LIMIT", 1]]
  [1m[36mCACHE Category Load (0.0ms)[0m  [1m[34mSELECT  "categories".* FROM "categories" WHERE "categories"."id" = ? LIMIT ?[0m  [["id", 3], ["LIMIT", 1]]
  [1m[36mCategory Load (0.1ms)[0m  [1m[34mSELECT  "categories".* FROM "categories" WHERE "categories"."id" = ? LIMIT ?[0m  [["id", 4], ["LIMIT", 1]]
  [1m[36mCACHE Category Load (0.0ms)[0m  [1m[34mSELECT  "categories".* FROM "categories" WHERE "categories"."id" = ? LIMIT ?[0m  [["id", 4], ["LIMIT", 1]]
  [1m[36mCACHE Category Load (0.0ms)[0m  [1m[34mSELECT  "categories".* FROM "categories" WHERE "categories"."id" = ? LIMIT ?[0m  [["id", 4], ["LIMIT", 1]]
  [1m[36mCACHE Category Load (0.0ms)[0m  [1m[34mSELECT  "categories".* FROM "categories" WHERE "categories"."id" = ? LIMIT ?[0m  [["id", 4], ["LIMIT", 1]]
  [1m[36mCategory Load (0.1ms)[0m  [1m[34mSELECT  "categories".* FROM "categories" WHERE "categories"."id" = ? LIMIT ?[0m  [["id", 5], ["LIMIT", 1]]
  [1m[36mCACHE Category Load (0.0ms)[0m  [1m[34mSELECT  "categories".* FROM "categories" WHERE "categories"."id" = ? LIMIT ?[0m  [["id", 5], ["LIMIT", 1]]
  [1m[36mCACHE Category Load (0.0ms)[0m  [1m[34mSELECT  "categories".* FROM "categories" WHERE "categories"."id" = ? LIMIT ?[0m  [["id", 5], ["LIMIT", 1]]
  [1m[36mCACHE Category Load (0.0ms)[0m  [1m[34mSELECT  "categories".* FROM "categories" WHERE "categories"."id" = ? LIMIT ?[0m  [["id", 5], ["LIMIT", 1]]
  [1m[36mCACHE Category Load (0.0ms)[0m  [1m[34mSELECT  "categories".* FROM "categories" WHERE "categories"."id" = ? LIMIT ?[0m  [["id", 5], ["LIMIT", 1]]
  [1m[36mCategory Load (0.1ms)[0m  [1m[34mSELECT  "categories".* FROM "categories" WHERE "categories"."id" = ? LIMIT ?[0m  [["id", 6], ["LIMIT", 1]]
  [1m[36mCACHE Category Load (0.0ms)[0m  [1m[34mSELECT  "categories".* FROM "categories" WHERE "categories"."id" = ? LIMIT ?[0m  [["id", 6], ["LIMIT", 1]]
  [1m[36mCategory Load (0.1ms)[0m  [1m[34mSELECT  "categories".* FROM "categories" WHERE "categories"."id" = ? LIMIT ?[0m  [["id", 7], ["LIMIT", 1]]
  [1m[36mCACHE Category Load (0.0ms)[0m  [1m[34mSELECT  "categories".* FROM "categories" WHERE "categories"."id" = ? LIMIT ?[0m  [["id", 7], ["LIMIT", 1]]
  [1m[36mCACHE Category Load (0.0ms)[0m  [1m[34mSELECT  "categories".* FROM "categories" WHERE "categories"."id" = ? LIMIT ?[0m  [["id", 7], ["LIMIT", 1]]
  [1m[36mCACHE Category Load (0.0ms)[0m  [1m[34mSELECT  "categories".* FROM "categories" WHERE "categories"."id" = ? LIMIT ?[0m  [["id", 7], ["LIMIT", 1]]
  Rendered products/index.html.erb within layouts/application (84.9ms)
Completed 200 OK in 126ms (Views: 115.8ms | ActiveRecord: 2.6ms)


Started GET "/images/original/missing.png" for 37.228.245.96 at 2018-04-09 01:56:59 +0000
Cannot render console from 37.228.245.96! Allowed networks: 127.0.0.1, ::1, 127.0.0.0/127.255.255.255
  
ActionController::RoutingError (No route matches [GET] "/images/original/missing.png"):
  
actionpack (5.1.5) lib/action_dispatch/middleware/debug_exceptions.rb:63:in `call'
web-console (3.5.1) lib/web_console/middleware.rb:135:in `call_app'
web-console (3.5.1) lib/web_console/middleware.rb:20:in `block in call'
web-console (3.5.1) lib/web_console/middleware.rb:18:in `catch'
web-console (3.5.1) lib/web_console/middleware.rb:18:in `call'
actionpack (5.1.5) lib/action_dispatch/middleware/show_exceptions.rb:31:in `call'
railties (5.1.5) lib/rails/rack/logger.rb:36:in `call_app'
railties (5.1.5) lib/rails/rack/logger.rb:24:in `block in call'
activesupport (5.1.5) lib/active_support/tagged_logging.rb:69:in `block in tagged'
activesupport (5.1.5) lib/active_support/tagged_logging.rb:26:in `tagged'
activesupport (5.1.5) lib/active_support/tagged_logging.rb:69:in `tagged'
railties (5.1.5) lib/rails/rack/logger.rb:24:in `call'
sprockets-rails (3.2.1) lib/sprockets/rails/quiet_assets.rb:13:in `call'
actionpack (5.1.5) lib/action_dispatch/middleware/remote_ip.rb:79:in `call'
actionpack (5.1.5) lib/action_dispatch/middleware/request_id.rb:25:in `call'
rack (2.0.4) lib/rack/method_override.rb:22:in `call'
rack (2.0.4) lib/rack/runtime.rb:22:in `call'
activesupport (5.1.5) lib/active_support/cache/strategy/local_cache_middleware.rb:27:in `call'
actionpack (5.1.5) lib/action_dispatch/middleware/executor.rb:12:in `call'
actionpack (5.1.5) lib/action_dispatch/middleware/static.rb:125:in `call'
rack (2.0.4) lib/rack/sendfile.rb:111:in `call'
railties (5.1.5) lib/rails/engine.rb:522:in `call'
puma (3.11.3) lib/puma/configuration.rb:225:in `call'
puma (3.11.3) lib/puma/server.rb:624:in `handle_request'
puma (3.11.3) lib/puma/server.rb:438:in `process_client'
puma (3.11.3) lib/puma/server.rb:302:in `block in run'
puma (3.11.3) lib/puma/thread_pool.rb:120:in `block in spawn_thread'
Started GET "/" for 37.228.245.96 at 2018-04-09 02:08:54 +0000
Cannot render console from 37.228.245.96! Allowed networks: 127.0.0.1, ::1, 127.0.0.0/127.255.255.255
  [1m[35m (0.1ms)[0m  [1m[34mSELECT "schema_migrations"."version" FROM "schema_migrations" ORDER BY "schema_migrations"."version" ASC[0m
Processing by StaticPagesController#home as HTML
  Rendering static_pages/home.html.erb within layouts/application
  Rendered static_pages/home.html.erb within layouts/application (0.7ms)
Completed 200 OK in 191ms (Views: 184.2ms | ActiveRecord: 0.0ms)


Started GET "/products" for 37.228.245.96 at 2018-04-09 02:08:58 +0000
Cannot render console from 37.228.245.96! Allowed networks: 127.0.0.1, ::1, 127.0.0.0/127.255.255.255
Processing by ProductsController#index as HTML
  Rendering products/index.html.erb within layouts/application
  [1m[36mProduct Load (0.3ms)[0m  [1m[34mSELECT "products".* FROM "products"[0m
  [1m[36mCategory Load (0.1ms)[0m  [1m[34mSELECT  "categories".* FROM "categories" WHERE "categories"."id" = ? LIMIT ?[0m  [["id", 1], ["LIMIT", 1]]
  [1m[36mCACHE Category Load (0.0ms)[0m  [1m[34mSELECT  "categories".* FROM "categories" WHERE "categories"."id" = ? LIMIT ?[0m  [["id", 1], ["LIMIT", 1]]
  [1m[36mCACHE Category Load (0.0ms)[0m  [1m[34mSELECT  "categories".* FROM "categories" WHERE "categories"."id" = ? LIMIT ?[0m  [["id", 1], ["LIMIT", 1]]
  [1m[36mCACHE Category Load (0.0ms)[0m  [1m[34mSELECT  "categories".* FROM "categories" WHERE "categories"."id" = ? LIMIT ?[0m  [["id", 1], ["LIMIT", 1]]
  [1m[36mCACHE Category Load (0.0ms)[0m  [1m[34mSELECT  "categories".* FROM "categories" WHERE "categories"."id" = ? LIMIT ?[0m  [["id", 1], ["LIMIT", 1]]
  [1m[36mCACHE Category Load (0.0ms)[0m  [1m[34mSELECT  "categories".* FROM "categories" WHERE "categories"."id" = ? LIMIT ?[0m  [["id", 1], ["LIMIT", 1]]
  [1m[36mCACHE Category Load (0.0ms)[0m  [1m[34mSELECT  "categories".* FROM "categories" WHERE "categories"."id" = ? LIMIT ?[0m  [["id", 1], ["LIMIT", 1]]
  [1m[36mCategory Load (0.1ms)[0m  [1m[34mSELECT  "categories".* FROM "categories" WHERE "categories"."id" = ? LIMIT ?[0m  [["id", 2], ["LIMIT", 1]]
  [1m[36mCACHE Category Load (0.0ms)[0m  [1m[34mSELECT  "categories".* FROM "categories" WHERE "categories"."id" = ? LIMIT ?[0m  [["id", 2], ["LIMIT", 1]]
  [1m[36mCACHE Category Load (0.0ms)[0m  [1m[34mSELECT  "categories".* FROM "categories" WHERE "categories"."id" = ? LIMIT ?[0m  [["id", 2], ["LIMIT", 1]]
  [1m[36mCACHE Category Load (0.0ms)[0m  [1m[34mSELECT  "categories".* FROM "categories" WHERE "categories"."id" = ? LIMIT ?[0m  [["id", 2], ["LIMIT", 1]]
  [1m[36mCACHE Category Load (0.0ms)[0m  [1m[34mSELECT  "categories".* FROM "categories" WHERE "categories"."id" = ? LIMIT ?[0m  [["id", 2], ["LIMIT", 1]]
  [1m[36mCategory Load (0.1ms)[0m  [1m[34mSELECT  "categories".* FROM "categories" WHERE "categories"."id" = ? LIMIT ?[0m  [["id", 3], ["LIMIT", 1]]
  [1m[36mCACHE Category Load (0.0ms)[0m  [1m[34mSELECT  "categories".* FROM "categories" WHERE "categories"."id" = ? LIMIT ?[0m  [["id", 3], ["LIMIT", 1]]
  [1m[36mCACHE Category Load (0.0ms)[0m  [1m[34mSELECT  "categories".* FROM "categories" WHERE "categories"."id" = ? LIMIT ?[0m  [["id", 3], ["LIMIT", 1]]
  [1m[36mCACHE Category Load (0.0ms)[0m  [1m[34mSELECT  "categories".* FROM "categories" WHERE "categories"."id" = ? LIMIT ?[0m  [["id", 3], ["LIMIT", 1]]
  [1m[36mCACHE Category Load (0.0ms)[0m  [1m[34mSELECT  "categories".* FROM "categories" WHERE "categories"."id" = ? LIMIT ?[0m  [["id", 3], ["LIMIT", 1]]
  [1m[36mCategory Load (0.1ms)[0m  [1m[34mSELECT  "categories".* FROM "categories" WHERE "categories"."id" = ? LIMIT ?[0m  [["id", 4], ["LIMIT", 1]]
  [1m[36mCACHE Category Load (0.0ms)[0m  [1m[34mSELECT  "categories".* FROM "categories" WHERE "categories"."id" = ? LIMIT ?[0m  [["id", 4], ["LIMIT", 1]]
  [1m[36mCACHE Category Load (0.0ms)[0m  [1m[34mSELECT  "categories".* FROM "categories" WHERE "categories"."id" = ? LIMIT ?[0m  [["id", 4], ["LIMIT", 1]]
  [1m[36mCACHE Category Load (0.0ms)[0m  [1m[34mSELECT  "categories".* FROM "categories" WHERE "categories"."id" = ? LIMIT ?[0m  [["id", 4], ["LIMIT", 1]]
  [1m[36mCategory Load (0.1ms)[0m  [1m[34mSELECT  "categories".* FROM "categories" WHERE "categories"."id" = ? LIMIT ?[0m  [["id", 5], ["LIMIT", 1]]
  [1m[36mCACHE Category Load (0.0ms)[0m  [1m[34mSELECT  "categories".* FROM "categories" WHERE "categories"."id" = ? LIMIT ?[0m  [["id", 5], ["LIMIT", 1]]
  [1m[36mCACHE Category Load (0.0ms)[0m  [1m[34mSELECT  "categories".* FROM "categories" WHERE "categories"."id" = ? LIMIT ?[0m  [["id", 5], ["LIMIT", 1]]
  [1m[36mCACHE Category Load (0.0ms)[0m  [1m[34mSELECT  "categories".* FROM "categories" WHERE "categories"."id" = ? LIMIT ?[0m  [["id", 5], ["LIMIT", 1]]
  [1m[36mCACHE Category Load (0.1ms)[0m  [1m[34mSELECT  "categories".* FROM "categories" WHERE "categories"."id" = ? LIMIT ?[0m  [["id", 5], ["LIMIT", 1]]
  [1m[36mCategory Load (0.1ms)[0m  [1m[34mSELECT  "categories".* FROM "categories" WHERE "categories"."id" = ? LIMIT ?[0m  [["id", 6], ["LIMIT", 1]]
  [1m[36mCACHE Category Load (0.0ms)[0m  [1m[34mSELECT  "categories".* FROM "categories" WHERE "categories"."id" = ? LIMIT ?[0m  [["id", 6], ["LIMIT", 1]]
  [1m[36mCategory Load (0.1ms)[0m  [1m[34mSELECT  "categories".* FROM "categories" WHERE "categories"."id" = ? LIMIT ?[0m  [["id", 7], ["LIMIT", 1]]
  [1m[36mCACHE Category Load (0.0ms)[0m  [1m[34mSELECT  "categories".* FROM "categories" WHERE "categories"."id" = ? LIMIT ?[0m  [["id", 7], ["LIMIT", 1]]
  [1m[36mCACHE Category Load (0.0ms)[0m  [1m[34mSELECT  "categories".* FROM "categories" WHERE "categories"."id" = ? LIMIT ?[0m  [["id", 7], ["LIMIT", 1]]
  [1m[36mCACHE Category Load (0.0ms)[0m  [1m[34mSELECT  "categories".* FROM "categories" WHERE "categories"."id" = ? LIMIT ?[0m  [["id", 7], ["LIMIT", 1]]
  Rendered products/index.html.erb within layouts/application (72.7ms)
Completed 200 OK in 129ms (Views: 119.8ms | ActiveRecord: 2.7ms)


Started GET "/images/original/missing.png" for 37.228.245.96 at 2018-04-09 02:08:59 +0000
Cannot render console from 37.228.245.96! Allowed networks: 127.0.0.1, ::1, 127.0.0.0/127.255.255.255
  
ActionController::RoutingError (No route matches [GET] "/images/original/missing.png"):
  
actionpack (5.1.5) lib/action_dispatch/middleware/debug_exceptions.rb:63:in `call'
web-console (3.5.1) lib/web_console/middleware.rb:135:in `call_app'
web-console (3.5.1) lib/web_console/middleware.rb:20:in `block in call'
web-console (3.5.1) lib/web_console/middleware.rb:18:in `catch'
web-console (3.5.1) lib/web_console/middleware.rb:18:in `call'
actionpack (5.1.5) lib/action_dispatch/middleware/show_exceptions.rb:31:in `call'
railties (5.1.5) lib/rails/rack/logger.rb:36:in `call_app'
railties (5.1.5) lib/rails/rack/logger.rb:24:in `block in call'
activesupport (5.1.5) lib/active_support/tagged_logging.rb:69:in `block in tagged'
activesupport (5.1.5) lib/active_support/tagged_logging.rb:26:in `tagged'
activesupport (5.1.5) lib/active_support/tagged_logging.rb:69:in `tagged'
railties (5.1.5) lib/rails/rack/logger.rb:24:in `call'
sprockets-rails (3.2.1) lib/sprockets/rails/quiet_assets.rb:13:in `call'
actionpack (5.1.5) lib/action_dispatch/middleware/remote_ip.rb:79:in `call'
actionpack (5.1.5) lib/action_dispatch/middleware/request_id.rb:25:in `call'
rack (2.0.4) lib/rack/method_override.rb:22:in `call'
rack (2.0.4) lib/rack/runtime.rb:22:in `call'
activesupport (5.1.5) lib/active_support/cache/strategy/local_cache_middleware.rb:27:in `call'
actionpack (5.1.5) lib/action_dispatch/middleware/executor.rb:12:in `call'
actionpack (5.1.5) lib/action_dispatch/middleware/static.rb:125:in `call'
rack (2.0.4) lib/rack/sendfile.rb:111:in `call'
railties (5.1.5) lib/rails/engine.rb:522:in `call'
puma (3.11.3) lib/puma/configuration.rb:225:in `call'
puma (3.11.3) lib/puma/server.rb:624:in `handle_request'
puma (3.11.3) lib/puma/server.rb:438:in `process_client'
puma (3.11.3) lib/puma/server.rb:302:in `block in run'
puma (3.11.3) lib/puma/thread_pool.rb:120:in `block in spawn_thread'
Started GET "/products/new" for 37.228.245.96 at 2018-04-09 02:09:06 +0000
Cannot render console from 37.228.245.96! Allowed networks: 127.0.0.1, ::1, 127.0.0.0/127.255.255.255
Processing by ProductsController#new as HTML
  [1m[36mCategory Load (0.2ms)[0m  [1m[34mSELECT "categories".* FROM "categories"[0m
  Rendering products/new.html.erb within layouts/application
  Rendered products/_form.html.erb (17.7ms)
  Rendered products/new.html.erb within layouts/application (20.0ms)
Completed 200 OK in 79ms (Views: 75.6ms | ActiveRecord: 0.2ms)


Started GET "/" for 37.228.245.96 at 2018-04-09 02:44:11 +0000
Cannot render console from 37.228.245.96! Allowed networks: 127.0.0.1, ::1, 127.0.0.0/127.255.255.255
  [1m[35m (0.1ms)[0m  [1m[34mSELECT "schema_migrations"."version" FROM "schema_migrations" ORDER BY "schema_migrations"."version" ASC[0m
Processing by StaticPagesController#home as HTML
  Rendering static_pages/home.html.erb within layouts/application
  Rendered static_pages/home.html.erb within layouts/application (0.6ms)
Completed 200 OK in 223ms (Views: 215.5ms | ActiveRecord: 0.0ms)


Started GET "/" for 37.228.245.96 at 2018-04-09 02:44:14 +0000
Cannot render console from 37.228.245.96! Allowed networks: 127.0.0.1, ::1, 127.0.0.0/127.255.255.255
Processing by StaticPagesController#home as HTML
  Rendering static_pages/home.html.erb within layouts/application
  Rendered static_pages/home.html.erb within layouts/application (0.3ms)
Completed 200 OK in 76ms (Views: 73.5ms | ActiveRecord: 0.0ms)


Started GET "/products" for 37.228.245.96 at 2018-04-09 02:44:17 +0000
Cannot render console from 37.228.245.96! Allowed networks: 127.0.0.1, ::1, 127.0.0.0/127.255.255.255
Processing by ProductsController#index as HTML
  Rendering products/index.html.erb within layouts/application
  [1m[36mProduct Load (0.9ms)[0m  [1m[34mSELECT "products".* FROM "products"[0m
  [1m[36mCategory Load (0.1ms)[0m  [1m[34mSELECT  "categories".* FROM "categories" WHERE "categories"."id" = ? LIMIT ?[0m  [["id", 1], ["LIMIT", 1]]
  [1m[36mCACHE Category Load (0.0ms)[0m  [1m[34mSELECT  "categories".* FROM "categories" WHERE "categories"."id" = ? LIMIT ?[0m  [["id", 1], ["LIMIT", 1]]
  [1m[36mCACHE Category Load (0.0ms)[0m  [1m[34mSELECT  "categories".* FROM "categories" WHERE "categories"."id" = ? LIMIT ?[0m  [["id", 1], ["LIMIT", 1]]
  [1m[36mCACHE Category Load (0.0ms)[0m  [1m[34mSELECT  "categories".* FROM "categories" WHERE "categories"."id" = ? LIMIT ?[0m  [["id", 1], ["LIMIT", 1]]
  [1m[36mCACHE Category Load (0.0ms)[0m  [1m[34mSELECT  "categories".* FROM "categories" WHERE "categories"."id" = ? LIMIT ?[0m  [["id", 1], ["LIMIT", 1]]
  [1m[36mCACHE Category Load (0.0ms)[0m  [1m[34mSELECT  "categories".* FROM "categories" WHERE "categories"."id" = ? LIMIT ?[0m  [["id", 1], ["LIMIT", 1]]
  [1m[36mCACHE Category Load (0.0ms)[0m  [1m[34mSELECT  "categories".* FROM "categories" WHERE "categories"."id" = ? LIMIT ?[0m  [["id", 1], ["LIMIT", 1]]
  [1m[36mCategory Load (0.1ms)[0m  [1m[34mSELECT  "categories".* FROM "categories" WHERE "categories"."id" = ? LIMIT ?[0m  [["id", 2], ["LIMIT", 1]]
  [1m[36mCACHE Category Load (0.0ms)[0m  [1m[34mSELECT  "categories".* FROM "categories" WHERE "categories"."id" = ? LIMIT ?[0m  [["id", 2], ["LIMIT", 1]]
  [1m[36mCACHE Category Load (0.0ms)[0m  [1m[34mSELECT  "categories".* FROM "categories" WHERE "categories"."id" = ? LIMIT ?[0m  [["id", 2], ["LIMIT", 1]]
  [1m[36mCACHE Category Load (0.0ms)[0m  [1m[34mSELECT  "categories".* FROM "categories" WHERE "categories"."id" = ? LIMIT ?[0m  [["id", 2], ["LIMIT", 1]]
  [1m[36mCACHE Category Load (0.0ms)[0m  [1m[34mSELECT  "categories".* FROM "categories" WHERE "categories"."id" = ? LIMIT ?[0m  [["id", 2], ["LIMIT", 1]]
  [1m[36mCategory Load (0.1ms)[0m  [1m[34mSELECT  "categories".* FROM "categories" WHERE "categories"."id" = ? LIMIT ?[0m  [["id", 3], ["LIMIT", 1]]
  [1m[36mCACHE Category Load (0.0ms)[0m  [1m[34mSELECT  "categories".* FROM "categories" WHERE "categories"."id" = ? LIMIT ?[0m  [["id", 3], ["LIMIT", 1]]
  [1m[36mCACHE Category Load (0.0ms)[0m  [1m[34mSELECT  "categories".* FROM "categories" WHERE "categories"."id" = ? LIMIT ?[0m  [["id", 3], ["LIMIT", 1]]
  [1m[36mCACHE Category Load (0.0ms)[0m  [1m[34mSELECT  "categories".* FROM "categories" WHERE "categories"."id" = ? LIMIT ?[0m  [["id", 3], ["LIMIT", 1]]
  [1m[36mCACHE Category Load (0.0ms)[0m  [1m[34mSELECT  "categories".* FROM "categories" WHERE "categories"."id" = ? LIMIT ?[0m  [["id", 3], ["LIMIT", 1]]
  [1m[36mCategory Load (0.1ms)[0m  [1m[34mSELECT  "categories".* FROM "categories" WHERE "categories"."id" = ? LIMIT ?[0m  [["id", 4], ["LIMIT", 1]]
  [1m[36mCACHE Category Load (0.0ms)[0m  [1m[34mSELECT  "categories".* FROM "categories" WHERE "categories"."id" = ? LIMIT ?[0m  [["id", 4], ["LIMIT", 1]]
  [1m[36mCACHE Category Load (0.0ms)[0m  [1m[34mSELECT  "categories".* FROM "categories" WHERE "categories"."id" = ? LIMIT ?[0m  [["id", 4], ["LIMIT", 1]]
  [1m[36mCACHE Category Load (0.0ms)[0m  [1m[34mSELECT  "categories".* FROM "categories" WHERE "categories"."id" = ? LIMIT ?[0m  [["id", 4], ["LIMIT", 1]]
  [1m[36mCategory Load (0.1ms)[0m  [1m[34mSELECT  "categories".* FROM "categories" WHERE "categories"."id" = ? LIMIT ?[0m  [["id", 5], ["LIMIT", 1]]
  [1m[36mCACHE Category Load (0.0ms)[0m  [1m[34mSELECT  "categories".* FROM "categories" WHERE "categories"."id" = ? LIMIT ?[0m  [["id", 5], ["LIMIT", 1]]
  [1m[36mCACHE Category Load (0.0ms)[0m  [1m[34mSELECT  "categories".* FROM "categories" WHERE "categories"."id" = ? LIMIT ?[0m  [["id", 5], ["LIMIT", 1]]
  [1m[36mCACHE Category Load (0.0ms)[0m  [1m[34mSELECT  "categories".* FROM "categories" WHERE "categories"."id" = ? LIMIT ?[0m  [["id", 5], ["LIMIT", 1]]
  [1m[36mCACHE Category Load (0.0ms)[0m  [1m[34mSELECT  "categories".* FROM "categories" WHERE "categories"."id" = ? LIMIT ?[0m  [["id", 5], ["LIMIT", 1]]
  [1m[36mCategory Load (0.1ms)[0m  [1m[34mSELECT  "categories".* FROM "categories" WHERE "categories"."id" = ? LIMIT ?[0m  [["id", 6], ["LIMIT", 1]]
  [1m[36mCACHE Category Load (0.0ms)[0m  [1m[34mSELECT  "categories".* FROM "categories" WHERE "categories"."id" = ? LIMIT ?[0m  [["id", 6], ["LIMIT", 1]]
  [1m[36mCategory Load (0.2ms)[0m  [1m[34mSELECT  "categories".* FROM "categories" WHERE "categories"."id" = ? LIMIT ?[0m  [["id", 7], ["LIMIT", 1]]
  [1m[36mCACHE Category Load (0.0ms)[0m  [1m[34mSELECT  "categories".* FROM "categories" WHERE "categories"."id" = ? LIMIT ?[0m  [["id", 7], ["LIMIT", 1]]
  [1m[36mCACHE Category Load (0.0ms)[0m  [1m[34mSELECT  "categories".* FROM "categories" WHERE "categories"."id" = ? LIMIT ?[0m  [["id", 7], ["LIMIT", 1]]
  [1m[36mCACHE Category Load (0.0ms)[0m  [1m[34mSELECT  "categories".* FROM "categories" WHERE "categories"."id" = ? LIMIT ?[0m  [["id", 7], ["LIMIT", 1]]
  Rendered products/index.html.erb within layouts/application (77.7ms)
Completed 200 OK in 118ms (Views: 104.2ms | ActiveRecord: 4.0ms)


Started GET "/images/original/missing.png" for 37.228.245.96 at 2018-04-09 02:44:17 +0000
Cannot render console from 37.228.245.96! Allowed networks: 127.0.0.1, ::1, 127.0.0.0/127.255.255.255
  
ActionController::RoutingError (No route matches [GET] "/images/original/missing.png"):
  
actionpack (5.1.5) lib/action_dispatch/middleware/debug_exceptions.rb:63:in `call'
web-console (3.5.1) lib/web_console/middleware.rb:135:in `call_app'
web-console (3.5.1) lib/web_console/middleware.rb:20:in `block in call'
web-console (3.5.1) lib/web_console/middleware.rb:18:in `catch'
web-console (3.5.1) lib/web_console/middleware.rb:18:in `call'
actionpack (5.1.5) lib/action_dispatch/middleware/show_exceptions.rb:31:in `call'
railties (5.1.5) lib/rails/rack/logger.rb:36:in `call_app'
railties (5.1.5) lib/rails/rack/logger.rb:24:in `block in call'
activesupport (5.1.5) lib/active_support/tagged_logging.rb:69:in `block in tagged'
activesupport (5.1.5) lib/active_support/tagged_logging.rb:26:in `tagged'
activesupport (5.1.5) lib/active_support/tagged_logging.rb:69:in `tagged'
railties (5.1.5) lib/rails/rack/logger.rb:24:in `call'
sprockets-rails (3.2.1) lib/sprockets/rails/quiet_assets.rb:13:in `call'
actionpack (5.1.5) lib/action_dispatch/middleware/remote_ip.rb:79:in `call'
actionpack (5.1.5) lib/action_dispatch/middleware/request_id.rb:25:in `call'
rack (2.0.4) lib/rack/method_override.rb:22:in `call'
rack (2.0.4) lib/rack/runtime.rb:22:in `call'
activesupport (5.1.5) lib/active_support/cache/strategy/local_cache_middleware.rb:27:in `call'
actionpack (5.1.5) lib/action_dispatch/middleware/executor.rb:12:in `call'
actionpack (5.1.5) lib/action_dispatch/middleware/static.rb:125:in `call'
rack (2.0.4) lib/rack/sendfile.rb:111:in `call'
railties (5.1.5) lib/rails/engine.rb:522:in `call'
puma (3.11.3) lib/puma/configuration.rb:225:in `call'
puma (3.11.3) lib/puma/server.rb:624:in `handle_request'
puma (3.11.3) lib/puma/server.rb:438:in `process_client'
puma (3.11.3) lib/puma/server.rb:302:in `block in run'
puma (3.11.3) lib/puma/thread_pool.rb:120:in `block in spawn_thread'
Started GET "/products/new" for 37.228.245.96 at 2018-04-09 02:44:23 +0000
Cannot render console from 37.228.245.96! Allowed networks: 127.0.0.1, ::1, 127.0.0.0/127.255.255.255
Processing by ProductsController#new as HTML
  [1m[36mCategory Load (0.2ms)[0m  [1m[34mSELECT "categories".* FROM "categories"[0m
  Rendering products/new.html.erb within layouts/application
  Rendered products/_form.html.erb (8.0ms)
  Rendered products/new.html.erb within layouts/application (9.1ms)
Completed 200 OK in 42ms (Views: 39.4ms | ActiveRecord: 0.2ms)


Started GET "/products" for 37.228.245.96 at 2018-04-09 02:44:29 +0000
Cannot render console from 37.228.245.96! Allowed networks: 127.0.0.1, ::1, 127.0.0.0/127.255.255.255
Processing by ProductsController#index as HTML
  Rendering products/index.html.erb within layouts/application
  [1m[36mProduct Load (0.4ms)[0m  [1m[34mSELECT "products".* FROM "products"[0m
  [1m[36mCategory Load (0.1ms)[0m  [1m[34mSELECT  "categories".* FROM "categories" WHERE "categories"."id" = ? LIMIT ?[0m  [["id", 1], ["LIMIT", 1]]
  [1m[36mCACHE Category Load (0.0ms)[0m  [1m[34mSELECT  "categories".* FROM "categories" WHERE "categories"."id" = ? LIMIT ?[0m  [["id", 1], ["LIMIT", 1]]
  [1m[36mCACHE Category Load (0.0ms)[0m  [1m[34mSELECT  "categories".* FROM "categories" WHERE "categories"."id" = ? LIMIT ?[0m  [["id", 1], ["LIMIT", 1]]
  [1m[36mCACHE Category Load (0.0ms)[0m  [1m[34mSELECT  "categories".* FROM "categories" WHERE "categories"."id" = ? LIMIT ?[0m  [["id", 1], ["LIMIT", 1]]
  [1m[36mCACHE Category Load (0.0ms)[0m  [1m[34mSELECT  "categories".* FROM "categories" WHERE "categories"."id" = ? LIMIT ?[0m  [["id", 1], ["LIMIT", 1]]
  [1m[36mCACHE Category Load (0.0ms)[0m  [1m[34mSELECT  "categories".* FROM "categories" WHERE "categories"."id" = ? LIMIT ?[0m  [["id", 1], ["LIMIT", 1]]
  [1m[36mCACHE Category Load (0.0ms)[0m  [1m[34mSELECT  "categories".* FROM "categories" WHERE "categories"."id" = ? LIMIT ?[0m  [["id", 1], ["LIMIT", 1]]
  [1m[36mCategory Load (0.1ms)[0m  [1m[34mSELECT  "categories".* FROM "categories" WHERE "categories"."id" = ? LIMIT ?[0m  [["id", 2], ["LIMIT", 1]]
  [1m[36mCACHE Category Load (0.0ms)[0m  [1m[34mSELECT  "categories".* FROM "categories" WHERE "categories"."id" = ? LIMIT ?[0m  [["id", 2], ["LIMIT", 1]]
  [1m[36mCACHE Category Load (0.0ms)[0m  [1m[34mSELECT  "categories".* FROM "categories" WHERE "categories"."id" = ? LIMIT ?[0m  [["id", 2], ["LIMIT", 1]]
  [1m[36mCACHE Category Load (0.0ms)[0m  [1m[34mSELECT  "categories".* FROM "categories" WHERE "categories"."id" = ? LIMIT ?[0m  [["id", 2], ["LIMIT", 1]]
  [1m[36mCACHE Category Load (0.0ms)[0m  [1m[34mSELECT  "categories".* FROM "categories" WHERE "categories"."id" = ? LIMIT ?[0m  [["id", 2], ["LIMIT", 1]]
  [1m[36mCategory Load (0.1ms)[0m  [1m[34mSELECT  "categories".* FROM "categories" WHERE "categories"."id" = ? LIMIT ?[0m  [["id", 3], ["LIMIT", 1]]
  [1m[36mCACHE Category Load (0.0ms)[0m  [1m[34mSELECT  "categories".* FROM "categories" WHERE "categories"."id" = ? LIMIT ?[0m  [["id", 3], ["LIMIT", 1]]
  [1m[36mCACHE Category Load (0.0ms)[0m  [1m[34mSELECT  "categories".* FROM "categories" WHERE "categories"."id" = ? LIMIT ?[0m  [["id", 3], ["LIMIT", 1]]
  [1m[36mCACHE Category Load (0.0ms)[0m  [1m[34mSELECT  "categories".* FROM "categories" WHERE "categories"."id" = ? LIMIT ?[0m  [["id", 3], ["LIMIT", 1]]
  [1m[36mCACHE Category Load (0.0ms)[0m  [1m[34mSELECT  "categories".* FROM "categories" WHERE "categories"."id" = ? LIMIT ?[0m  [["id", 3], ["LIMIT", 1]]
  [1m[36mCategory Load (0.1ms)[0m  [1m[34mSELECT  "categories".* FROM "categories" WHERE "categories"."id" = ? LIMIT ?[0m  [["id", 4], ["LIMIT", 1]]
  [1m[36mCACHE Category Load (0.0ms)[0m  [1m[34mSELECT  "categories".* FROM "categories" WHERE "categories"."id" = ? LIMIT ?[0m  [["id", 4], ["LIMIT", 1]]
  [1m[36mCACHE Category Load (0.0ms)[0m  [1m[34mSELECT  "categories".* FROM "categories" WHERE "categories"."id" = ? LIMIT ?[0m  [["id", 4], ["LIMIT", 1]]
  [1m[36mCACHE Category Load (0.0ms)[0m  [1m[34mSELECT  "categories".* FROM "categories" WHERE "categories"."id" = ? LIMIT ?[0m  [["id", 4], ["LIMIT", 1]]
  [1m[36mCategory Load (0.1ms)[0m  [1m[34mSELECT  "categories".* FROM "categories" WHERE "categories"."id" = ? LIMIT ?[0m  [["id", 5], ["LIMIT", 1]]
  [1m[36mCACHE Category Load (0.0ms)[0m  [1m[34mSELECT  "categories".* FROM "categories" WHERE "categories"."id" = ? LIMIT ?[0m  [["id", 5], ["LIMIT", 1]]
  [1m[36mCACHE Category Load (0.0ms)[0m  [1m[34mSELECT  "categories".* FROM "categories" WHERE "categories"."id" = ? LIMIT ?[0m  [["id", 5], ["LIMIT", 1]]
  [1m[36mCACHE Category Load (0.0ms)[0m  [1m[34mSELECT  "categories".* FROM "categories" WHERE "categories"."id" = ? LIMIT ?[0m  [["id", 5], ["LIMIT", 1]]
  [1m[36mCACHE Category Load (0.0ms)[0m  [1m[34mSELECT  "categories".* FROM "categories" WHERE "categories"."id" = ? LIMIT ?[0m  [["id", 5], ["LIMIT", 1]]
  [1m[36mCategory Load (0.1ms)[0m  [1m[34mSELECT  "categories".* FROM "categories" WHERE "categories"."id" = ? LIMIT ?[0m  [["id", 6], ["LIMIT", 1]]
  [1m[36mCACHE Category Load (0.0ms)[0m  [1m[34mSELECT  "categories".* FROM "categories" WHERE "categories"."id" = ? LIMIT ?[0m  [["id", 6], ["LIMIT", 1]]
  [1m[36mCategory Load (0.1ms)[0m  [1m[34mSELECT  "categories".* FROM "categories" WHERE "categories"."id" = ? LIMIT ?[0m  [["id", 7], ["LIMIT", 1]]
  [1m[36mCACHE Category Load (0.0ms)[0m  [1m[34mSELECT  "categories".* FROM "categories" WHERE "categories"."id" = ? LIMIT ?[0m  [["id", 7], ["LIMIT", 1]]
  [1m[36mCACHE Category Load (0.0ms)[0m  [1m[34mSELECT  "categories".* FROM "categories" WHERE "categories"."id" = ? LIMIT ?[0m  [["id", 7], ["LIMIT", 1]]
  [1m[36mCACHE Category Load (0.0ms)[0m  [1m[34mSELECT  "categories".* FROM "categories" WHERE "categories"."id" = ? LIMIT ?[0m  [["id", 7], ["LIMIT", 1]]
  Rendered products/index.html.erb within layouts/application (39.7ms)
Completed 200 OK in 72ms (Views: 68.7ms | ActiveRecord: 1.3ms)


Started GET "/images/original/missing.png" for 37.228.245.96 at 2018-04-09 02:44:29 +0000
Cannot render console from 37.228.245.96! Allowed networks: 127.0.0.1, ::1, 127.0.0.0/127.255.255.255
  
ActionController::RoutingError (No route matches [GET] "/images/original/missing.png"):
  
actionpack (5.1.5) lib/action_dispatch/middleware/debug_exceptions.rb:63:in `call'
web-console (3.5.1) lib/web_console/middleware.rb:135:in `call_app'
web-console (3.5.1) lib/web_console/middleware.rb:20:in `block in call'
web-console (3.5.1) lib/web_console/middleware.rb:18:in `catch'
web-console (3.5.1) lib/web_console/middleware.rb:18:in `call'
actionpack (5.1.5) lib/action_dispatch/middleware/show_exceptions.rb:31:in `call'
railties (5.1.5) lib/rails/rack/logger.rb:36:in `call_app'
railties (5.1.5) lib/rails/rack/logger.rb:24:in `block in call'
activesupport (5.1.5) lib/active_support/tagged_logging.rb:69:in `block in tagged'
activesupport (5.1.5) lib/active_support/tagged_logging.rb:26:in `tagged'
activesupport (5.1.5) lib/active_support/tagged_logging.rb:69:in `tagged'
railties (5.1.5) lib/rails/rack/logger.rb:24:in `call'
sprockets-rails (3.2.1) lib/sprockets/rails/quiet_assets.rb:13:in `call'
actionpack (5.1.5) lib/action_dispatch/middleware/remote_ip.rb:79:in `call'
actionpack (5.1.5) lib/action_dispatch/middleware/request_id.rb:25:in `call'
rack (2.0.4) lib/rack/method_override.rb:22:in `call'
rack (2.0.4) lib/rack/runtime.rb:22:in `call'
activesupport (5.1.5) lib/active_support/cache/strategy/local_cache_middleware.rb:27:in `call'
actionpack (5.1.5) lib/action_dispatch/middleware/executor.rb:12:in `call'
actionpack (5.1.5) lib/action_dispatch/middleware/static.rb:125:in `call'
rack (2.0.4) lib/rack/sendfile.rb:111:in `call'
railties (5.1.5) lib/rails/engine.rb:522:in `call'
puma (3.11.3) lib/puma/configuration.rb:225:in `call'
puma (3.11.3) lib/puma/server.rb:624:in `handle_request'
puma (3.11.3) lib/puma/server.rb:438:in `process_client'
puma (3.11.3) lib/puma/server.rb:302:in `block in run'
puma (3.11.3) lib/puma/thread_pool.rb:120:in `block in spawn_thread'
